-------------------------------------------------------------------------------
Test set: com.naveen.AppTest
-------------------------------------------------------------------------------
Tests run: 1, Failures: 1, Errors: 0, Skipped: 0, Time elapsed: 0.043 s <<< FAILURE! - in com.naveen.AppTest
shouldAnswerWithTrue(com.naveen.AppTest)  Time elapsed: 0.005 s  <<< FAILURE!
java.lang.AssertionError: expected:<10> but was:<11>
	at com.naveen.AppTest.shouldAnswerWithTrue(AppTest.java:18)

